2026-05-11 22:20:03.511 [main] INFO  n.e.j.JournalApplication ------ Starting JournalApplication using Java 23.0.1 with PID 75520 (/Users/adarshkatigi/Desktop/Projects/journalApplication/target/classes started by adarshkatigi in /Users/adarshkatigi/Desktop/Projects/journalApplication)
2026-05-11 22:20:03.513 [main] DEBUG n.e.j.JournalApplication ------ Running with Spring Boot v3.5.9, Spring v6.2.15
2026-05-11 22:20:03.513 [main] INFO  n.e.j.JournalApplication ------ The following 1 profile is active: "dev"
2026-05-11 22:20:03.878 [main] INFO  o.s.d.r.c.RepositoryConfigurationDelegate ------ Bootstrapping Spring Data MongoDB repositories in DEFAULT mode.
2026-05-11 22:20:03.899 [main] INFO  o.s.d.r.c.RepositoryConfigurationDelegate ------ Finished Spring Data repository scanning in 19 ms. Found 2 MongoDB repository interfaces.
2026-05-11 22:20:04.097 [main] INFO  o.s.b.w.e.tomcat.TomcatWebServer ------ Tomcat initialized with port 8080 (http)
2026-05-11 22:20:04.103 [main] INFO  o.a.coyote.http11.Http11NioProtocol ------ Initializing ProtocolHandler ["http-nio-8080"]
2026-05-11 22:20:04.104 [main] INFO  o.a.catalina.core.StandardService ------ Starting service [Tomcat]
2026-05-11 22:20:04.104 [main] INFO  o.a.catalina.core.StandardEngine ------ Starting Servlet engine: [Apache Tomcat/10.1.50]
2026-05-11 22:20:04.125 [main] INFO  o.a.c.c.C.[Tomcat].[localhost].[/] ------ Initializing Spring embedded WebApplicationContext
2026-05-11 22:20:04.125 [main] INFO  o.s.b.w.s.c.ServletWebServerApplicationContext ------ Root WebApplicationContext: initialization completed in 577 ms
2026-05-11 22:20:04.272 [main] INFO  org.mongodb.driver.client ------ MongoClient with metadata {"application": {"name": "Cluster0"}, "driver": {"name": "mongo-java-driver|sync|spring-boot", "version": "5.5.2"}, "os": {"type": "Darwin", "name": "Mac OS X", "architecture": "aarch64", "version": "15.1.1"}, "platform": "Java/Oracle Corporation/23.0.1+11-39"} created with settings MongoClientSettings{readPreference=primary, writeConcern=WriteConcern{w=null, wTimeout=null ms, journal=null}, retryWrites=true, retryReads=true, readConcern=ReadConcern{level=null}, credential=MongoCredential{mechanism=null, userName='katigiadarsh_db_user', source='admin', password=<hidden>, mechanismProperties=<hidden>}, transportSettings=null, commandListeners=[], codecRegistry=ProvidersCodecRegistry{codecProviders=[ValueCodecProvider{}, BsonValueCodecProvider{}, DBRefCodecProvider{}, DBObjectCodecProvider{}, DocumentCodecProvider{}, CollectionCodecProvider{}, IterableCodecProvider{}, MapCodecProvider{}, GeoJsonCodecProvider{}, GridFSFileCodecProvider{}, Jsr310CodecProvider{}, JsonObjectCodecProvider{}, BsonCodecProvider{}, EnumCodecProvider{}, com.mongodb.client.model.mql.ExpressionCodecProvider@30922f8d, com.mongodb.Jep395RecordCodecProvider@50211483, com.mongodb.KotlinCodecProvider@51ff3c4b]}, loggerSettings=LoggerSettings{maxDocumentLength=1000}, clusterSettings={hosts=[127.0.0.1:27017], srvHost=cluster0.r6k3wae.mongodb.net, srvServiceName=mongodb, mode=MULTIPLE, requiredClusterType=REPLICA_SET, requiredReplicaSetName='atlas-14b5f5-shard-0', serverSelector='null', clusterListeners='[]', serverSelectionTimeout='30000 ms', localThreshold='15 ms'}, socketSettings=SocketSettings{connectTimeoutMS=10000, readTimeoutMS=0, receiveBufferSize=0, proxySettings=ProxySettings{host=null, port=null, username=null, password=null}}, heartbeatSocketSettings=SocketSettings{connectTimeoutMS=10000, readTimeoutMS=10000, receiveBufferSize=0, proxySettings=ProxySettings{host=null, port=null, username=null, password=null}}, connectionPoolSettings=ConnectionPoolSettings{maxSize=100, minSize=0, maxWaitTimeMS=120000, maxConnectionLifeTimeMS=0, maxConnectionIdleTimeMS=0, maintenanceInitialDelayMS=0, maintenanceFrequencyMS=60000, connectionPoolListeners=[], maxConnecting=2}, serverSettings=ServerSettings{heartbeatFrequencyMS=10000, minHeartbeatFrequencyMS=500, serverMonitoringMode=AUTO, serverListeners='[]', serverMonitorListeners='[]'}, sslSettings=SslSettings{enabled=true, invalidHostNameAllowed=false, context=null}, applicationName='Cluster0', compressorList=[], uuidRepresentation=JAVA_LEGACY, serverApi=null, autoEncryptionSettings=null, dnsClient=null, inetAddressResolver=null, contextProvider=null, timeoutMS=null}
2026-05-11 22:20:04.292 [cluster-ClusterId{value='6a029c64add0e4c97d6c4e4d', description='Cluster0'}-srv-cluster0.r6k3wae.mongodb.net] INFO  org.mongodb.driver.cluster ------ Adding discovered server ac-corjj3v-shard-00-01.r6k3wae.mongodb.net:27017 to client view of cluster
2026-05-11 22:20:04.301 [cluster-ClusterId{value='6a029c64add0e4c97d6c4e4d', description='Cluster0'}-srv-cluster0.r6k3wae.mongodb.net] INFO  org.mongodb.driver.cluster ------ Adding discovered server ac-corjj3v-shard-00-00.r6k3wae.mongodb.net:27017 to client view of cluster
2026-05-11 22:20:04.303 [cluster-ClusterId{value='6a029c64add0e4c97d6c4e4d', description='Cluster0'}-srv-cluster0.r6k3wae.mongodb.net] INFO  org.mongodb.driver.cluster ------ Adding discovered server ac-corjj3v-shard-00-02.r6k3wae.mongodb.net:27017 to client view of cluster
2026-05-11 22:20:04.405 [main] INFO  org.mongodb.driver.cluster ------ Waiting for server to become available for operation with ID 5. Remaining time: 29997 ms. Selector: WritableServerSelector, topology description: {type=REPLICA_SET, servers=[{address=ac-corjj3v-shard-00-02.r6k3wae.mongodb.net:27017, type=UNKNOWN, state=CONNECTING}, {address=ac-corjj3v-shard-00-01.r6k3wae.mongodb.net:27017, type=UNKNOWN, state=CONNECTING}, {address=ac-corjj3v-shard-00-00.r6k3wae.mongodb.net:27017, type=UNKNOWN, state=CONNECTING}].
2026-05-11 22:20:04.810 [cluster-ClusterId{value='6a029c64add0e4c97d6c4e4d', description='Cluster0'}-ac-corjj3v-shard-00-00.r6k3wae.mongodb.net:27017] INFO  org.mongodb.driver.cluster ------ Monitor thread successfully connected to server with description ServerDescription{address=ac-corjj3v-shard-00-00.r6k3wae.mongodb.net:27017, type=REPLICA_SET_SECONDARY, cryptd=false, state=CONNECTED, ok=true, minWireVersion=0, maxWireVersion=25, maxDocumentSize=16777216, logicalSessionTimeoutMinutes=30, roundTripTimeNanos=249613333, minRoundTripTimeNanos=0, setName='atlas-14b5f5-shard-0', canonicalAddress=ac-corjj3v-shard-00-00.r6k3wae.mongodb.net:27017, hosts=[ac-corjj3v-shard-00-00.r6k3wae.mongodb.net:27017, ac-corjj3v-shard-00-02.r6k3wae.mongodb.net:27017, ac-corjj3v-shard-00-01.r6k3wae.mongodb.net:27017], passives=[], arbiters=[], primary='ac-corjj3v-shard-00-02.r6k3wae.mongodb.net:27017', tagSet=TagSet{[Tag{name='availabilityZone', value='use1-az4'}, Tag{name='cacheState', value='READY'}, Tag{name='diskState', value='READY'}, Tag{name='nodeType', value='ELECTABLE'}, Tag{name='provider', value='AWS'}, Tag{name='region', value='US_EAST_1'}, Tag{name='workloadType', value='OPERATIONAL'}]}, electionId=null, setVersion=122, topologyVersion=TopologyVersion{processId=69fe426b1d931070d4587d1b, counter=4}, lastWriteDate=Mon May 11 22:20:04 CDT 2026, lastUpdateTimeNanos=2710956943600875}
2026-05-11 22:20:04.810 [cluster-ClusterId{value='6a029c64add0e4c97d6c4e4d', description='Cluster0'}-ac-corjj3v-shard-00-02.r6k3wae.mongodb.net:27017] INFO  org.mongodb.driver.cluster ------ Monitor thread successfully connected to server with description ServerDescription{address=ac-corjj3v-shard-00-02.r6k3wae.mongodb.net:27017, type=REPLICA_SET_PRIMARY, cryptd=false, state=CONNECTED, ok=true, minWireVersion=0, maxWireVersion=25, maxDocumentSize=16777216, logicalSessionTimeoutMinutes=30, roundTripTimeNanos=219733583, minRoundTripTimeNanos=0, setName='atlas-14b5f5-shard-0', canonicalAddress=ac-corjj3v-shard-00-02.r6k3wae.mongodb.net:27017, hosts=[ac-corjj3v-shard-00-00.r6k3wae.mongodb.net:27017, ac-corjj3v-shard-00-02.r6k3wae.mongodb.net:27017, ac-corjj3v-shard-00-01.r6k3wae.mongodb.net:27017], passives=[], arbiters=[], primary='ac-corjj3v-shard-00-02.r6k3wae.mongodb.net:27017', tagSet=TagSet{[Tag{name='availabilityZone', value='use1-az1'}, Tag{name='cacheState', value='READY'}, Tag{name='diskState', value='READY'}, Tag{name='nodeType', value='ELECTABLE'}, Tag{name='provider', value='AWS'}, Tag{name='region', value='US_EAST_1'}, Tag{name='workloadType', value='OPERATIONAL'}]}, electionId=7fffffff00000000000001c4, setVersion=122, topologyVersion=TopologyVersion{processId=69fe44f7f199afc49078a64c, counter=6}, lastWriteDate=Mon May 11 22:20:04 CDT 2026, lastUpdateTimeNanos=2710956943600916}
2026-05-11 22:20:04.810 [cluster-ClusterId{value='6a029c64add0e4c97d6c4e4d', description='Cluster0'}-ac-corjj3v-shard-00-01.r6k3wae.mongodb.net:27017] INFO  org.mongodb.driver.cluster ------ Monitor thread successfully connected to server with description ServerDescription{address=ac-corjj3v-shard-00-01.r6k3wae.mongodb.net:27017, type=REPLICA_SET_SECONDARY, cryptd=false, state=CONNECTED, ok=true, minWireVersion=0, maxWireVersion=25, maxDocumentSize=16777216, logicalSessionTimeoutMinutes=30, roundTripTimeNanos=249599958, minRoundTripTimeNanos=0, setName='atlas-14b5f5-shard-0', canonicalAddress=ac-corjj3v-shard-00-01.r6k3wae.mongodb.net:27017, hosts=[ac-corjj3v-shard-00-00.r6k3wae.mongodb.net:27017, ac-corjj3v-shard-00-02.r6k3wae.mongodb.net:27017, ac-corjj3v-shard-00-01.r6k3wae.mongodb.net:27017], passives=[], arbiters=[], primary='ac-corjj3v-shard-00-02.r6k3wae.mongodb.net:27017', tagSet=TagSet{[Tag{name='availabilityZone', value='use1-az6'}, Tag{name='cacheState', value='READY'}, Tag{name='diskState', value='READY'}, Tag{name='nodeType', value='ELECTABLE'}, Tag{name='provider', value='AWS'}, Tag{name='region', value='US_EAST_1'}, Tag{name='workloadType', value='OPERATIONAL'}]}, electionId=null, setVersion=122, topologyVersion=TopologyVersion{processId=69fe47cef120b1b2a8316392, counter=3}, lastWriteDate=Mon May 11 22:20:04 CDT 2026, lastUpdateTimeNanos=2710956943591125}
2026-05-11 22:20:04.811 [cluster-ClusterId{value='6a029c64add0e4c97d6c4e4d', description='Cluster0'}-ac-corjj3v-shard-00-02.r6k3wae.mongodb.net:27017] INFO  org.mongodb.driver.cluster ------ Discovered replica set primary ac-corjj3v-shard-00-02.r6k3wae.mongodb.net:27017 with max election id 7fffffff00000000000001c4 and max set version 122
2026-05-11 22:20:05.439 [main] INFO  o.s.s.c.a.a.c.InitializeAuthenticationProviderBeanManagerConfigurer$InitializeAuthenticationProviderManagerConfigurer ------ Global AuthenticationManager configured with AuthenticationProvider bean with name authenticationProvider
2026-05-11 22:20:05.439 [main] WARN  o.s.s.c.a.a.c.InitializeUserDetailsBeanManagerConfigurer$InitializeUserDetailsManagerConfigurer ------ Global AuthenticationManager configured with an AuthenticationProvider bean. UserDetailsService beans will not be used by Spring Security for automatically configuring username/password login. Consider removing the AuthenticationProvider bean. Alternatively, consider using the UserDetailsService in a manually instantiated DaoAuthenticationProvider. If the current configuration is intentional, to turn off this warning, increase the logging level of 'org.springframework.security.config.annotation.authentication.configuration.InitializeUserDetailsBeanManagerConfigurer' to ERROR
2026-05-11 22:20:05.531 [main] INFO  o.a.coyote.http11.Http11NioProtocol ------ Starting ProtocolHandler ["http-nio-8080"]
2026-05-11 22:20:05.536 [main] INFO  o.s.b.w.e.tomcat.TomcatWebServer ------ Tomcat started on port 8080 (http) with context path '/'
2026-05-11 22:20:05.541 [main] INFO  n.e.j.JournalApplication ------ Started JournalApplication in 2.246 seconds (process running for 2.841)
2026-05-11 22:20:10.724 [http-nio-8080-exec-2] INFO  o.a.c.c.C.[Tomcat].[localhost].[/] ------ Initializing Spring DispatcherServlet 'dispatcherServlet'
2026-05-11 22:20:10.728 [http-nio-8080-exec-2] INFO  o.s.web.servlet.DispatcherServlet ------ Initializing Servlet 'dispatcherServlet'
2026-05-11 22:20:10.730 [http-nio-8080-exec-2] INFO  o.s.web.servlet.DispatcherServlet ------ Completed initialization in 2 ms
2026-05-11 22:20:12.771 [http-nio-8080-exec-2] ERROR o.a.c.c.C.[.[.[.[dispatcherServlet] ------ Servlet.service() for servlet [dispatcherServlet] in context with path [] threw exception [Request processing failed: org.springframework.web.client.RestClientException: Error while extracting response for type [class net.engineeringdigest.journalApplication.api.response.QuoteResponse] and content type [application/json]] with root cause
com.fasterxml.jackson.databind.exc.MismatchedInputException: Cannot deserialize value of type `net.engineeringdigest.journalApplication.api.response.QuoteResponse` from Array value (token `JsonToken.START_ARRAY`)
 at [Source: REDACTED (`StreamReadFeature.INCLUDE_SOURCE_IN_LOCATION` disabled); line: 1, column: 1]
	at com.fasterxml.jackson.databind.exc.MismatchedInputException.from(MismatchedInputException.java:59)
	at com.fasterxml.jackson.databind.DeserializationContext.reportInputMismatch(DeserializationContext.java:1794)
	at com.fasterxml.jackson.databind.DeserializationContext.handleUnexpectedToken(DeserializationContext.java:1568)
	at com.fasterxml.jackson.databind.DeserializationContext.handleUnexpectedToken(DeserializationContext.java:1515)
	at com.fasterxml.jackson.databind.deser.BeanDeserializer._deserializeFromArray(BeanDeserializer.java:671)
	at com.fasterxml.jackson.databind.deser.BeanDeserializer._deserializeOther(BeanDeserializer.java:203)
	at com.fasterxml.jackson.databind.deser.BeanDeserializer.deserialize(BeanDeserializer.java:179)
	at com.fasterxml.jackson.databind.deser.DefaultDeserializationContext.readRootValue(DefaultDeserializationContext.java:342)
	at com.fasterxml.jackson.databind.ObjectReader._bindAndClose(ObjectReader.java:2130)
	at com.fasterxml.jackson.databind.ObjectReader.readValue(ObjectReader.java:1500)
	at org.springframework.http.converter.json.AbstractJackson2HttpMessageConverter.readJavaType(AbstractJackson2HttpMessageConverter.java:397)
	at org.springframework.http.converter.json.AbstractJackson2HttpMessageConverter.read(AbstractJackson2HttpMessageConverter.java:356)
	at org.springframework.web.client.HttpMessageConverterExtractor.extractData(HttpMessageConverterExtractor.java:105)
	at org.springframework.web.client.RestTemplate$ResponseEntityResponseExtractor.extractData(RestTemplate.java:1183)
	at org.springframework.web.client.RestTemplate$ResponseEntityResponseExtractor.extractData(RestTemplate.java:1166)
	at org.springframework.web.client.RestTemplate.doExecute(RestTemplate.java:903)
	at org.springframework.web.client.RestTemplate.execute(RestTemplate.java:801)
	at org.springframework.web.client.RestTemplate.exchange(RestTemplate.java:683)
	at net.engineeringdigest.journalApplication.service.QuoteService.getQuotes(QuoteService.java:24)
	at net.engineeringdigest.journalApplication.controller.User.UserController.greeting(UserController.java:58)
	at java.base/jdk.internal.reflect.DirectMethodHandleAccessor.invoke(DirectMethodHandleAccessor.java:103)
	at java.base/java.lang.reflect.Method.invoke(Method.java:580)
	at org.springframework.web.method.support.InvocableHandlerMethod.doInvoke(InvocableHandlerMethod.java:258)
	at org.springframework.web.method.support.InvocableHandlerMethod.invokeForRequest(InvocableHandlerMethod.java:191)
	at org.springframework.web.servlet.mvc.method.annotation.ServletInvocableHandlerMethod.invokeAndHandle(ServletInvocableHandlerMethod.java:118)
	at org.springframework.web.servlet.mvc.method.annotation.RequestMappingHandlerAdapter.invokeHandlerMethod(RequestMappingHandlerAdapter.java:991)
	at org.springframework.web.servlet.mvc.method.annotation.RequestMappingHandlerAdapter.handleInternal(RequestMappingHandlerAdapter.java:896)
	at org.springframework.web.servlet.mvc.method.AbstractHandlerMethodAdapter.handle(AbstractHandlerMethodAdapter.java:87)
	at org.springframework.web.servlet.DispatcherServlet.doDispatch(DispatcherServlet.java:1089)
	at org.springframework.web.servlet.DispatcherServlet.doService(DispatcherServlet.java:979)
	at org.springframework.web.servlet.FrameworkServlet.processRequest(FrameworkServlet.java:1014)
	at org.springframework.web.servlet.FrameworkServlet.doGet(FrameworkServlet.java:903)
	at jakarta.servlet.http.HttpServlet.service(HttpServlet.java:564)
	at org.springframework.web.servlet.FrameworkServlet.service(FrameworkServlet.java:885)
	at jakarta.servlet.http.HttpServlet.service(HttpServlet.java:658)
	at org.apache.catalina.core.ApplicationFilterChain.internalDoFilter(ApplicationFilterChain.java:193)
	at org.apache.catalina.core.ApplicationFilterChain.doFilter(ApplicationFilterChain.java:138)
	at org.apache.tomcat.websocket.server.WsFilter.doFilter(WsFilter.java:51)
	at org.apache.catalina.core.ApplicationFilterChain.internalDoFilter(ApplicationFilterChain.java:162)
	at org.apache.catalina.core.ApplicationFilterChain.doFilter(ApplicationFilterChain.java:138)
	at org.springframework.web.filter.CompositeFilter$VirtualFilterChain.doFilter(CompositeFilter.java:108)
	at org.springframework.web.filter.CompositeFilter$VirtualFilterChain.doFilter(CompositeFilter.java:108)
	at org.springframework.security.web.FilterChainProxy.lambda$doFilterInternal$3(FilterChainProxy.java:231)
	at org.springframework.security.web.FilterChainProxy$VirtualFilterChain.doFilter(FilterChainProxy.java:365)
	at org.springframework.security.web.access.intercept.AuthorizationFilter.doFilter(AuthorizationFilter.java:101)
	at org.springframework.security.web.FilterChainProxy$VirtualFilterChain.doFilter(FilterChainProxy.java:374)
	at org.springframework.security.web.access.ExceptionTranslationFilter.doFilter(ExceptionTranslationFilter.java:125)
	at org.springframework.security.web.access.ExceptionTranslationFilter.doFilter(ExceptionTranslationFilter.java:119)
	at org.springframework.security.web.FilterChainProxy$VirtualFilterChain.doFilter(FilterChainProxy.java:374)
	at org.springframework.security.web.authentication.AnonymousAuthenticationFilter.doFilter(AnonymousAuthenticationFilter.java:100)
	at org.springframework.security.web.FilterChainProxy$VirtualFilterChain.doFilter(FilterChainProxy.java:374)
	at org.springframework.security.web.servletapi.SecurityContextHolderAwareRequestFilter.doFilter(SecurityContextHolderAwareRequestFilter.java:179)
	at org.springframework.security.web.FilterChainProxy$VirtualFilterChain.doFilter(FilterChainProxy.java:374)
	at org.springframework.security.web.savedrequest.RequestCacheAwareFilter.doFilter(RequestCacheAwareFilter.java:63)
	at org.springframework.security.web.FilterChainProxy$VirtualFilterChain.doFilter(FilterChainProxy.java:374)
	at org.springframework.security.web.authentication.www.BasicAuthenticationFilter.doFilterInternal(BasicAuthenticationFilter.java:213)
	at org.springframework.web.filter.OncePerRequestFilter.doFilter(OncePerRequestFilter.java:116)
	at org.springframework.security.web.FilterChainProxy$VirtualFilterChain.doFilter(FilterChainProxy.java:374)
	at org.springframework.security.web.authentication.logout.LogoutFilter.doFilter(LogoutFilter.java:107)
	at org.springframework.security.web.authentication.logout.LogoutFilter.doFilter(LogoutFilter.java:93)
	at org.springframework.security.web.FilterChainProxy$VirtualFilterChain.doFilter(FilterChainProxy.java:374)
	at org.springframework.security.web.header.HeaderWriterFilter.doHeadersAfter(HeaderWriterFilter.java:90)
	at org.springframework.security.web.header.HeaderWriterFilter.doFilterInternal(HeaderWriterFilter.java:75)
	at org.springframework.web.filter.OncePerRequestFilter.doFilter(OncePerRequestFilter.java:116)
	at org.springframework.security.web.FilterChainProxy$VirtualFilterChain.doFilter(FilterChainProxy.java:374)
	at org.springframework.security.web.context.SecurityContextHolderFilter.doFilter(SecurityContextHolderFilter.java:82)
	at org.springframework.security.web.context.SecurityContextHolderFilter.doFilter(SecurityContextHolderFilter.java:69)
	at org.springframework.security.web.FilterChainProxy$VirtualFilterChain.doFilter(FilterChainProxy.java:374)
	at org.springframework.security.web.context.request.async.WebAsyncManagerIntegrationFilter.doFilterInternal(WebAsyncManagerIntegrationFilter.java:62)
	at org.springframework.web.filter.OncePerRequestFilter.doFilter(OncePerRequestFilter.java:116)
	at org.springframework.security.web.FilterChainProxy$VirtualFilterChain.doFilter(FilterChainProxy.java:374)
	at org.springframework.security.web.session.DisableEncodeUrlFilter.doFilterInternal(DisableEncodeUrlFilter.java:42)
	at org.springframework.web.filter.OncePerRequestFilter.doFilter(OncePerRequestFilter.java:116)
	at org.springframework.security.web.FilterChainProxy$VirtualFilterChain.doFilter(FilterChainProxy.java:374)
	at org.springframework.security.web.FilterChainProxy.doFilterInternal(FilterChainProxy.java:233)
	at org.springframework.security.web.FilterChainProxy.doFilter(FilterChainProxy.java:191)
	at org.springframework.web.filter.CompositeFilter$VirtualFilterChain.doFilter(CompositeFilter.java:113)
	at org.springframework.web.filter.ServletRequestPathFilter.doFilter(ServletRequestPathFilter.java:52)
	at org.springframework.web.filter.CompositeFilter$VirtualFilterChain.doFilter(CompositeFilter.java:113)
	at org.springframework.web.filter.CompositeFilter.doFilter(CompositeFilter.java:74)
	at org.springframework.security.config.annotation.web.configuration.WebSecurityConfiguration$CompositeFilterChainProxy.doFilter(WebSecurityConfiguration.java:319)
	at org.springframework.web.filter.CompositeFilter$VirtualFilterChain.doFilter(CompositeFilter.java:113)
	at org.springframework.web.servlet.handler.HandlerMappingIntrospector.lambda$createCacheFilter$4(HandlerMappingIntrospector.java:267)
	at org.springframework.web.filter.CompositeFilter$VirtualFilterChain.doFilter(CompositeFilter.java:113)
	at org.springframework.web.filter.CompositeFilter.doFilter(CompositeFilter.java:74)
	at org.springframework.security.config.annotation.web.configuration.WebMvcSecurityConfiguration$CompositeFilterChainProxy.doFilter(WebMvcSecurityConfiguration.java:240)
	at org.springframework.web.filter.DelegatingFilterProxy.invokeDelegate(DelegatingFilterProxy.java:362)
	at org.springframework.web.filter.DelegatingFilterProxy.doFilter(DelegatingFilterProxy.java:278)
	at org.apache.catalina.core.ApplicationFilterChain.internalDoFilter(ApplicationFilterChain.java:162)
	at org.apache.catalina.core.ApplicationFilterChain.doFilter(ApplicationFilterChain.java:138)
	at org.springframework.web.filter.RequestContextFilter.doFilterInternal(RequestContextFilter.java:100)
	at org.springframework.web.filter.OncePerRequestFilter.doFilter(OncePerRequestFilter.java:116)
	at org.apache.catalina.core.ApplicationFilterChain.internalDoFilter(ApplicationFilterChain.java:162)
	at org.apache.catalina.core.ApplicationFilterChain.doFilter(ApplicationFilterChain.java:138)
	at org.springframework.web.filter.FormContentFilter.doFilterInternal(FormContentFilter.java:93)
	at org.springframework.web.filter.OncePerRequestFilter.doFilter(OncePerRequestFilter.java:116)
	at org.apache.catalina.core.ApplicationFilterChain.internalDoFilter(ApplicationFilterChain.java:162)
	at org.apache.catalina.core.ApplicationFilterChain.doFilter(ApplicationFilterChain.java:138)
	at org.springframework.web.filter.CharacterEncodingFilter.doFilterInternal(CharacterEncodingFilter.java:201)
	at org.springframework.web.filter.OncePerRequestFilter.doFilter(OncePerRequestFilter.java:116)
	at org.apache.catalina.core.ApplicationFilterChain.internalDoFilter(ApplicationFilterChain.java:162)
	at org.apache.catalina.core.ApplicationFilterChain.doFilter(ApplicationFilterChain.java:138)
	at org.apache.catalina.core.StandardWrapperValve.invoke(StandardWrapperValve.java:165)
	at org.apache.catalina.core.StandardContextValve.invoke(StandardContextValve.java:88)
	at org.apache.catalina.authenticator.AuthenticatorBase.invoke(AuthenticatorBase.java:482)
	at org.apache.catalina.core.StandardHostValve.invoke(StandardHostValve.java:113)
	at org.apache.catalina.valves.ErrorReportValve.invoke(ErrorReportValve.java:83)
	at org.apache.catalina.core.StandardEngineValve.invoke(StandardEngineValve.java:72)
	at org.apache.catalina.connector.CoyoteAdapter.service(CoyoteAdapter.java:342)
	at org.apache.coyote.http11.Http11Processor.service(Http11Processor.java:399)
	at org.apache.coyote.AbstractProcessorLight.process(AbstractProcessorLight.java:63)
	at org.apache.coyote.AbstractProtocol$ConnectionHandler.process(AbstractProtocol.java:903)
	at org.apache.tomcat.util.net.NioEndpoint$SocketProcessor.doRun(NioEndpoint.java:1774)
	at org.apache.tomcat.util.net.SocketProcessorBase.run(SocketProcessorBase.java:52)
	at org.apache.tomcat.util.threads.ThreadPoolExecutor.runWorker(ThreadPoolExecutor.java:973)
	at org.apache.tomcat.util.threads.ThreadPoolExecutor$Worker.run(ThreadPoolExecutor.java:491)
	at org.apache.tomcat.util.threads.TaskThread$WrappingRunnable.run(TaskThread.java:63)
	at java.base/java.lang.Thread.run(Thread.java:1575)
